0 info it worked if it ends with ok
1 verbose cli [ '/usr/local/bin/node',
1 verbose cli   '/usr/local/bin/npm',
1 verbose cli   'install',
1 verbose cli   'gulp-download' ]
2 info using npm@2.14.4
3 info using node@v4.1.2
4 verbose install initial load of /Users/winvaris/Desktop/Bookie/Bookie-FrontEnd/package.json
5 verbose readDependencies loading dependencies from /Users/winvaris/Desktop/Bookie/Bookie-FrontEnd/package.json
6 silly cache add args [ 'gulp-download', null ]
7 verbose cache add spec gulp-download
8 silly cache add parsed spec Result {
8 silly cache add   raw: 'gulp-download',
8 silly cache add   scope: null,
8 silly cache add   name: 'gulp-download',
8 silly cache add   rawSpec: '',
8 silly cache add   spec: '*',
8 silly cache add   type: 'range' }
9 silly addNamed gulp-download@*
10 verbose addNamed "*" is a valid semver range for gulp-download
11 silly addNameRange { name: 'gulp-download', range: '*', hasData: false }
12 silly mapToRegistry name gulp-download
13 silly mapToRegistry using default registry
14 silly mapToRegistry registry https://registry.npmjs.org/
15 silly mapToRegistry uri https://registry.npmjs.org/gulp-download
16 verbose addNameRange registry:https://registry.npmjs.org/gulp-download not in flight; fetching
17 verbose request uri https://registry.npmjs.org/gulp-download
18 verbose request no auth needed
19 info attempt registry request try #1 at 11:18:30 AM
20 verbose request id 00d9590f09aa0810
21 http request GET https://registry.npmjs.org/gulp-download
22 http 200 https://registry.npmjs.org/gulp-download
23 silly get cb [ 200,
23 silly get   { server: 'CouchDB/1.5.0 (Erlang OTP/R16B03)',
23 silly get     etag: '"1KKI2ZKFCYHDUTGGMWONE06BF"',
23 silly get     'content-type': 'application/json',
23 silly get     'cache-control': 'max-age=60',
23 silly get     'content-length': '2767',
23 silly get     'accept-ranges': 'bytes',
23 silly get     date: 'Mon, 12 Oct 2015 04:18:31 GMT',
23 silly get     via: '1.1 varnish',
23 silly get     age: '0',
23 silly get     connection: 'keep-alive',
23 silly get     'x-served-by': 'cache-sin6921-SIN',
23 silly get     'x-cache': 'MISS',
23 silly get     'x-cache-hits': '0',
23 silly get     'x-timer': 'S1444623511.377027,VS0,VE212',
23 silly get     vary: 'Accept' } ]
24 verbose get saving gulp-download to /Users/winvaris/.npm/registry.npmjs.org/gulp-download/.cache.json
25 silly addNameRange number 2 { name: 'gulp-download', range: '*', hasData: true }
26 silly addNameRange versions [ 'gulp-download', [ '0.0.0', '0.0.1' ] ]
27 silly addNamed gulp-download@0.0.1
28 verbose addNamed "0.0.1" is a plain semver version for gulp-download
29 silly mapToRegistry name gulp-download
30 silly mapToRegistry using default registry
31 silly mapToRegistry registry https://registry.npmjs.org/
32 silly mapToRegistry uri https://registry.npmjs.org/gulp-download
33 verbose addRemoteTarball https://registry.npmjs.org/gulp-download/-/gulp-download-0.0.1.tgz not in flight; adding
34 verbose addRemoteTarball [ 'https://registry.npmjs.org/gulp-download/-/gulp-download-0.0.1.tgz',
34 verbose addRemoteTarball   '54a3018fc619b341ccf6491606f7adf0bd3c7397' ]
35 info retry fetch attempt 1 at 11:18:32 AM
36 info attempt registry request try #1 at 11:18:32 AM
37 http fetch GET https://registry.npmjs.org/gulp-download/-/gulp-download-0.0.1.tgz
38 http fetch 200 https://registry.npmjs.org/gulp-download/-/gulp-download-0.0.1.tgz
39 silly fetchAndShaCheck shasum 54a3018fc619b341ccf6491606f7adf0bd3c7397
40 verbose addTmpTarball /var/folders/ch/wzh4x2q503bcbsykb4r9k0m80000gn/T/npm-3693-a44e353e/registry.npmjs.org/gulp-download/-/gulp-download-0.0.1.tgz not in flight; adding
41 verbose addTmpTarball already have metadata; skipping unpack for gulp-download@0.0.1
42 silly cache afterAdd gulp-download@0.0.1
43 verbose afterAdd /Users/winvaris/.npm/gulp-download/0.0.1/package/package.json not in flight; writing
44 verbose afterAdd /Users/winvaris/.npm/gulp-download/0.0.1/package/package.json written
45 silly install resolved [ { name: 'gulp-download',
45 silly install resolved     version: '0.0.1',
45 silly install resolved     description: 'Gulp plugin for downloading files via http/https.',
45 silly install resolved     license: 'MIT',
45 silly install resolved     author: { name: 'Michael Ostermann', email: 'metrime@icloud.com' },
45 silly install resolved     repository:
45 silly install resolved      { type: 'git',
45 silly install resolved        url: 'https://github.com/Metrime/gulp-download.git' },
45 silly install resolved     keywords: [ 'gulpplugin', 'download', 'http', 'https' ],
45 silly install resolved     dependencies:
45 silly install resolved      { 'gulp-util': 'latest',
45 silly install resolved        through: 'latest',
45 silly install resolved        request: 'latest',
45 silly install resolved        'request-progress': 'latest' },
45 silly install resolved     main: 'index.js',
45 silly install resolved     bugs: { url: 'https://github.com/Metrime/gulp-download/issues' },
45 silly install resolved     homepage: 'https://github.com/Metrime/gulp-download',
45 silly install resolved     _id: 'gulp-download@0.0.1',
45 silly install resolved     dist:
45 silly install resolved      { shasum: '54a3018fc619b341ccf6491606f7adf0bd3c7397',
45 silly install resolved        tarball: 'http://registry.npmjs.org/gulp-download/-/gulp-download-0.0.1.tgz' },
45 silly install resolved     _from: 'gulp-download@*',
45 silly install resolved     _npmVersion: '1.3.21',
45 silly install resolved     _npmUser: { name: 'metrime', email: 'metrime@icloud.com' },
45 silly install resolved     maintainers: [ [Object] ],
45 silly install resolved     directories: {},
45 silly install resolved     _shasum: '54a3018fc619b341ccf6491606f7adf0bd3c7397',
45 silly install resolved     _resolved: 'https://registry.npmjs.org/gulp-download/-/gulp-download-0.0.1.tgz' } ]
46 info install gulp-download@0.0.1 into /Users/winvaris/Desktop/Bookie/Bookie-FrontEnd
47 info installOne gulp-download@0.0.1
48 verbose installOne of gulp-download to /Users/winvaris/Desktop/Bookie/Bookie-FrontEnd not in flight; installing
49 verbose lock using /Users/winvaris/.npm/_locks/gulp-download-f20cc8c7d12b5402.lock for /Users/winvaris/Desktop/Bookie/Bookie-FrontEnd/node_modules/gulp-download
50 silly install write writing gulp-download 0.0.1 to /Users/winvaris/Desktop/Bookie/Bookie-FrontEnd/node_modules/gulp-download
51 verbose unbuild node_modules/gulp-download
52 silly gentlyRm /Users/winvaris/Desktop/Bookie/Bookie-FrontEnd/node_modules/gulp-download is being purged from base /Users/winvaris/Desktop/Bookie/Bookie-FrontEnd
53 verbose gentlyRm don't care about contents; nuking /Users/winvaris/Desktop/Bookie/Bookie-FrontEnd/node_modules/gulp-download
54 verbose tar unpack /Users/winvaris/.npm/gulp-download/0.0.1/package.tgz
55 verbose tar unpacking to /Users/winvaris/Desktop/Bookie/Bookie-FrontEnd/node_modules/gulp-download
56 silly gentlyRm /Users/winvaris/Desktop/Bookie/Bookie-FrontEnd/node_modules/gulp-download is being purged
57 verbose gentlyRm don't care about contents; nuking /Users/winvaris/Desktop/Bookie/Bookie-FrontEnd/node_modules/gulp-download
58 silly gunzTarPerm modes [ '755', '644' ]
59 silly gunzTarPerm extractEntry package.json
60 silly gunzTarPerm extractEntry .npmignore
61 silly gunzTarPerm extractEntry README.md
62 silly gunzTarPerm extractEntry LICENSE
63 silly gunzTarPerm extractEntry index.js
64 verbose write writing to /Users/winvaris/Desktop/Bookie/Bookie-FrontEnd/node_modules/gulp-download/package.json
65 info preinstall gulp-download@0.0.1
66 verbose readDependencies loading dependencies from /Users/winvaris/Desktop/Bookie/Bookie-FrontEnd/node_modules/gulp-download/package.json
67 silly prepareForInstallMany adding gulp-util@latest from gulp-download dependencies
68 silly prepareForInstallMany adding through@latest from gulp-download dependencies
69 silly prepareForInstallMany adding request@latest from gulp-download dependencies
70 silly prepareForInstallMany adding request-progress@latest from gulp-download dependencies
71 verbose readDependencies loading dependencies from /Users/winvaris/Desktop/Bookie/Bookie-FrontEnd/node_modules/gulp-download/package.json
72 silly cache add args [ 'gulp-util@latest', null ]
73 verbose cache add spec gulp-util@latest
74 silly cache add args [ 'through@latest', null ]
75 verbose cache add spec through@latest
76 silly cache add args [ 'request@latest', null ]
77 verbose cache add spec request@latest
78 silly cache add args [ 'request-progress@latest', null ]
79 verbose cache add spec request-progress@latest
80 silly cache add parsed spec Result {
80 silly cache add   raw: 'gulp-util@latest',
80 silly cache add   scope: null,
80 silly cache add   name: 'gulp-util',
80 silly cache add   rawSpec: 'latest',
80 silly cache add   spec: 'latest',
80 silly cache add   type: 'tag' }
81 silly addNamed gulp-util@latest
82 verbose addNamed "latest" is being treated as a dist-tag for gulp-util
83 info addNameTag [ 'gulp-util', 'latest' ]
84 silly mapToRegistry name gulp-util
85 silly mapToRegistry using default registry
86 silly mapToRegistry registry https://registry.npmjs.org/
87 silly mapToRegistry uri https://registry.npmjs.org/gulp-util
88 verbose addNameTag registry:https://registry.npmjs.org/gulp-util not in flight; fetching
89 silly cache add parsed spec Result {
89 silly cache add   raw: 'through@latest',
89 silly cache add   scope: null,
89 silly cache add   name: 'through',
89 silly cache add   rawSpec: 'latest',
89 silly cache add   spec: 'latest',
89 silly cache add   type: 'tag' }
90 silly addNamed through@latest
91 verbose addNamed "latest" is being treated as a dist-tag for through
92 info addNameTag [ 'through', 'latest' ]
93 silly mapToRegistry name through
94 silly mapToRegistry using default registry
95 silly mapToRegistry registry https://registry.npmjs.org/
96 silly mapToRegistry uri https://registry.npmjs.org/through
97 verbose addNameTag registry:https://registry.npmjs.org/through not in flight; fetching
98 silly cache add parsed spec Result {
98 silly cache add   raw: 'request@latest',
98 silly cache add   scope: null,
98 silly cache add   name: 'request',
98 silly cache add   rawSpec: 'latest',
98 silly cache add   spec: 'latest',
98 silly cache add   type: 'tag' }
99 silly addNamed request@latest
100 verbose addNamed "latest" is being treated as a dist-tag for request
101 info addNameTag [ 'request', 'latest' ]
102 silly mapToRegistry name request
103 silly mapToRegistry using default registry
104 silly mapToRegistry registry https://registry.npmjs.org/
105 silly mapToRegistry uri https://registry.npmjs.org/request
106 verbose addNameTag registry:https://registry.npmjs.org/request not in flight; fetching
107 silly cache add parsed spec Result {
107 silly cache add   raw: 'request-progress@latest',
107 silly cache add   scope: null,
107 silly cache add   name: 'request-progress',
107 silly cache add   rawSpec: 'latest',
107 silly cache add   spec: 'latest',
107 silly cache add   type: 'tag' }
108 silly addNamed request-progress@latest
109 verbose addNamed "latest" is being treated as a dist-tag for request-progress
110 info addNameTag [ 'request-progress', 'latest' ]
111 silly mapToRegistry name request-progress
112 silly mapToRegistry using default registry
113 silly mapToRegistry registry https://registry.npmjs.org/
114 silly mapToRegistry uri https://registry.npmjs.org/request-progress
115 verbose addNameTag registry:https://registry.npmjs.org/request-progress not in flight; fetching
116 verbose request uri https://registry.npmjs.org/gulp-util
117 verbose request no auth needed
118 info attempt registry request try #1 at 11:18:33 AM
119 http request GET https://registry.npmjs.org/gulp-util
120 verbose request uri https://registry.npmjs.org/request-progress
121 verbose request no auth needed
122 info attempt registry request try #1 at 11:18:33 AM
123 http request GET https://registry.npmjs.org/request-progress
124 verbose request uri https://registry.npmjs.org/through
125 verbose request no auth needed
126 info attempt registry request try #1 at 11:18:33 AM
127 verbose etag "C6D0F2IEEJGIXGZ63OZ95GRZ0"
128 http request GET https://registry.npmjs.org/through
129 verbose request uri https://registry.npmjs.org/request
130 verbose request no auth needed
131 info attempt registry request try #1 at 11:18:33 AM
132 verbose etag "2D5XOEJ05TOWS0SMHNBYXYU9J"
133 http request GET https://registry.npmjs.org/request
134 http 200 https://registry.npmjs.org/through
135 silly get cb [ 200,
135 silly get   { server: 'CouchDB/1.5.0 (Erlang OTP/R16B03)',
135 silly get     etag: '"E73GR2KAUHQ6BQ4H4SD8VGZOL"',
135 silly get     'content-type': 'application/json',
135 silly get     'cache-control': 'max-age=60',
135 silly get     'content-length': '29392',
135 silly get     'accept-ranges': 'bytes',
135 silly get     date: 'Mon, 12 Oct 2015 04:18:33 GMT',
135 silly get     via: '1.1 varnish',
135 silly get     age: '25',
135 silly get     connection: 'keep-alive',
135 silly get     'x-served-by': 'cache-sin6923-SIN',
135 silly get     'x-cache': 'HIT',
135 silly get     'x-cache-hits': '1',
135 silly get     'x-timer': 'S1444623513.670857,VS0,VE0',
135 silly get     vary: 'Accept' } ]
136 verbose get saving through to /Users/winvaris/.npm/registry.npmjs.org/through/.cache.json
137 silly addNameTag next cb for through with tag latest
138 silly addNamed through@2.3.8
139 verbose addNamed "2.3.8" is a plain semver version for through
140 silly mapToRegistry name through
141 silly mapToRegistry using default registry
142 silly mapToRegistry registry https://registry.npmjs.org/
143 silly mapToRegistry uri https://registry.npmjs.org/through
144 verbose addRemoteTarball https://registry.npmjs.org/through/-/through-2.3.8.tgz not in flight; adding
145 verbose addRemoteTarball [ 'https://registry.npmjs.org/through/-/through-2.3.8.tgz',
145 verbose addRemoteTarball   '0dd4c9ffaabc357960b1b724115d7e0e86a2e1f5' ]
146 info retry fetch attempt 1 at 11:18:34 AM
147 info attempt registry request try #1 at 11:18:34 AM
148 http fetch GET https://registry.npmjs.org/through/-/through-2.3.8.tgz
149 http 200 https://registry.npmjs.org/request-progress
150 silly get cb [ 200,
150 silly get   { server: 'CouchDB/1.5.0 (Erlang OTP/R16B03)',
150 silly get     etag: '"32DJQT3ZJVT8ZHXF4SUNXVEUS"',
150 silly get     'content-type': 'application/json',
150 silly get     'cache-control': 'max-age=60',
150 silly get     'content-length': '22081',
150 silly get     'accept-ranges': 'bytes',
150 silly get     date: 'Mon, 12 Oct 2015 04:18:33 GMT',
150 silly get     via: '1.1 varnish',
150 silly get     age: '0',
150 silly get     connection: 'keep-alive',
150 silly get     'x-served-by': 'cache-sin6927-SIN',
150 silly get     'x-cache': 'HIT',
150 silly get     'x-cache-hits': '1',
150 silly get     'x-timer': 'S1444623513.670130,VS0,VE219',
150 silly get     vary: 'Accept' } ]
151 verbose get saving request-progress to /Users/winvaris/.npm/registry.npmjs.org/request-progress/.cache.json
152 silly addNameTag next cb for request-progress with tag latest
153 silly addNamed request-progress@0.3.1
154 verbose addNamed "0.3.1" is a plain semver version for request-progress
155 silly mapToRegistry name request-progress
156 silly mapToRegistry using default registry
157 silly mapToRegistry registry https://registry.npmjs.org/
158 silly mapToRegistry uri https://registry.npmjs.org/request-progress
159 verbose addRemoteTarball https://registry.npmjs.org/request-progress/-/request-progress-0.3.1.tgz not in flight; adding
160 verbose addRemoteTarball [ 'https://registry.npmjs.org/request-progress/-/request-progress-0.3.1.tgz',
160 verbose addRemoteTarball   '0721c105d8a96ac6b2ce8b2c89ae2d5ecfcf6b3a' ]
161 info retry fetch attempt 1 at 11:18:34 AM
162 info attempt registry request try #1 at 11:18:34 AM
163 http fetch GET https://registry.npmjs.org/request-progress/-/request-progress-0.3.1.tgz
164 http 200 https://registry.npmjs.org/gulp-util
165 silly get cb [ 200,
165 silly get   { server: 'CouchDB/1.5.0 (Erlang OTP/R16B03)',
165 silly get     etag: '"B41Z8OJW3UEB6D8TQTV8K5LH4"',
165 silly get     'content-type': 'application/json',
165 silly get     'cache-control': 'max-age=60',
165 silly get     'content-length': '59384',
165 silly get     'accept-ranges': 'bytes',
165 silly get     date: 'Mon, 12 Oct 2015 04:18:33 GMT',
165 silly get     via: '1.1 varnish',
165 silly get     age: '33',
165 silly get     connection: 'keep-alive',
165 silly get     'x-served-by': 'cache-sin6927-SIN',
165 silly get     'x-cache': 'HIT',
165 silly get     'x-cache-hits': '1',
165 silly get     'x-timer': 'S1444623513.670067,VS0,VE0',
165 silly get     vary: 'Accept' } ]
166 verbose get saving gulp-util to /Users/winvaris/.npm/registry.npmjs.org/gulp-util/.cache.json
167 silly addNameTag next cb for gulp-util with tag latest
168 silly addNamed gulp-util@3.0.6
169 verbose addNamed "3.0.6" is a plain semver version for gulp-util
170 silly mapToRegistry name gulp-util
171 silly mapToRegistry using default registry
172 silly mapToRegistry registry https://registry.npmjs.org/
173 silly mapToRegistry uri https://registry.npmjs.org/gulp-util
174 verbose addRemoteTarball https://registry.npmjs.org/gulp-util/-/gulp-util-3.0.6.tgz not in flight; adding
175 verbose addRemoteTarball [ 'https://registry.npmjs.org/gulp-util/-/gulp-util-3.0.6.tgz',
175 verbose addRemoteTarball   'a0b4e99edbf239c8609573e485999ddfc13e1e4a' ]
176 info retry fetch attempt 1 at 11:18:34 AM
177 info attempt registry request try #1 at 11:18:34 AM
178 http fetch GET https://registry.npmjs.org/gulp-util/-/gulp-util-3.0.6.tgz
179 http 200 https://registry.npmjs.org/request
180 silly get cb [ 200,
180 silly get   { server: 'CouchDB/1.5.0 (Erlang OTP/R16B03)',
180 silly get     etag: '"5YAJVS5BRML2BL1KY11SQJKKU"',
180 silly get     'content-type': 'application/json',
180 silly get     'cache-control': 'max-age=60',
180 silly get     'content-length': '174928',
180 silly get     'accept-ranges': 'bytes',
180 silly get     date: 'Mon, 12 Oct 2015 04:18:33 GMT',
180 silly get     via: '1.1 varnish',
180 silly get     age: '21',
180 silly get     connection: 'keep-alive',
180 silly get     'x-served-by': 'cache-sin6920-SIN',
180 silly get     'x-cache': 'HIT',
180 silly get     'x-cache-hits': '2',
180 silly get     'x-timer': 'S1444623513.673348,VS0,VE0',
180 silly get     vary: 'Accept' } ]
181 verbose get saving request to /Users/winvaris/.npm/registry.npmjs.org/request/.cache.json
182 silly addNameTag next cb for request with tag latest
183 silly addNamed request@2.65.0
184 verbose addNamed "2.65.0" is a plain semver version for request
185 silly mapToRegistry name request
186 silly mapToRegistry using default registry
187 silly mapToRegistry registry https://registry.npmjs.org/
188 silly mapToRegistry uri https://registry.npmjs.org/request
189 verbose addRemoteTarball https://registry.npmjs.org/request/-/request-2.65.0.tgz not in flight; adding
190 verbose addRemoteTarball [ 'https://registry.npmjs.org/request/-/request-2.65.0.tgz',
190 verbose addRemoteTarball   'cc1a3bc72b96254734fc34296da322f9486ddeba' ]
191 info retry fetch attempt 1 at 11:18:35 AM
192 info attempt registry request try #1 at 11:18:35 AM
193 http fetch GET https://registry.npmjs.org/request/-/request-2.65.0.tgz
194 http fetch 200 https://registry.npmjs.org/through/-/through-2.3.8.tgz
195 silly fetchAndShaCheck shasum 0dd4c9ffaabc357960b1b724115d7e0e86a2e1f5
196 verbose addTmpTarball /var/folders/ch/wzh4x2q503bcbsykb4r9k0m80000gn/T/npm-3693-a44e353e/registry.npmjs.org/through/-/through-2.3.8.tgz not in flight; adding
197 verbose addTmpTarball already have metadata; skipping unpack for through@2.3.8
198 http fetch 200 https://registry.npmjs.org/request-progress/-/request-progress-0.3.1.tgz
199 silly fetchAndShaCheck shasum 0721c105d8a96ac6b2ce8b2c89ae2d5ecfcf6b3a
200 verbose addTmpTarball /var/folders/ch/wzh4x2q503bcbsykb4r9k0m80000gn/T/npm-3693-a44e353e/registry.npmjs.org/request-progress/-/request-progress-0.3.1.tgz not in flight; adding
201 verbose addTmpTarball already have metadata; skipping unpack for request-progress@0.3.1
202 silly cache afterAdd request-progress@0.3.1
203 verbose afterAdd /Users/winvaris/.npm/request-progress/0.3.1/package/package.json not in flight; writing
204 verbose afterAdd /Users/winvaris/.npm/request-progress/0.3.1/package/package.json written
205 http fetch 200 https://registry.npmjs.org/gulp-util/-/gulp-util-3.0.6.tgz
206 silly fetchAndShaCheck shasum a0b4e99edbf239c8609573e485999ddfc13e1e4a
207 verbose addTmpTarball /var/folders/ch/wzh4x2q503bcbsykb4r9k0m80000gn/T/npm-3693-a44e353e/registry.npmjs.org/gulp-util/-/gulp-util-3.0.6.tgz not in flight; adding
208 verbose addTmpTarball already have metadata; skipping unpack for gulp-util@3.0.6
209 http fetch 200 https://registry.npmjs.org/request/-/request-2.65.0.tgz
210 silly fetchAndShaCheck shasum cc1a3bc72b96254734fc34296da322f9486ddeba
211 verbose addTmpTarball /var/folders/ch/wzh4x2q503bcbsykb4r9k0m80000gn/T/npm-3693-a44e353e/registry.npmjs.org/request/-/request-2.65.0.tgz not in flight; adding
212 verbose addTmpTarball already have metadata; skipping unpack for request@2.65.0
213 silly cache afterAdd request@2.65.0
214 verbose afterAdd /Users/winvaris/.npm/request/2.65.0/package/package.json not in flight; writing
215 verbose afterAdd /Users/winvaris/.npm/request/2.65.0/package/package.json written
216 verbose about to build /Users/winvaris/Desktop/Bookie/Bookie-FrontEnd/node_modules/gulp-download
217 verbose unlock done using /Users/winvaris/.npm/_locks/gulp-download-f20cc8c7d12b5402.lock for /Users/winvaris/Desktop/Bookie/Bookie-FrontEnd/node_modules/gulp-download
218 verbose stack Error: EACCES: permission denied, mkdir '/Users/winvaris/.npm/through/2.3.8'
218 verbose stack     at Error (native)
219 verbose cwd /Users/winvaris/Desktop/Bookie/Bookie-FrontEnd
220 error Darwin 15.0.0
221 error argv "/usr/local/bin/node" "/usr/local/bin/npm" "install" "gulp-download"
222 error node v4.1.2
223 error npm  v2.14.4
224 error path /Users/winvaris/.npm/through/2.3.8
225 error code EACCES
226 error errno -13
227 error syscall mkdir
228 error Error: EACCES: permission denied, mkdir '/Users/winvaris/.npm/through/2.3.8'
228 error     at Error (native)
228 error  { [Error: EACCES: permission denied, mkdir '/Users/winvaris/.npm/through/2.3.8']
228 error   errno: -13,
228 error   code: 'EACCES',
228 error   syscall: 'mkdir',
228 error   path: '/Users/winvaris/.npm/through/2.3.8',
228 error   parent: 'gulp-download' }
229 error Please try running this command again as root/Administrator.
230 verbose exit [ -13, true ]
231 verbose unbuild node_modules/gulp-download
232 info preuninstall gulp-download@0.0.1
233 info uninstall gulp-download@0.0.1
234 verbose unbuild rmStuff gulp-download@0.0.1 from /Users/winvaris/Desktop/Bookie/Bookie-FrontEnd/node_modules
235 info postuninstall gulp-download@0.0.1
236 silly gentlyRm /Users/winvaris/Desktop/Bookie/Bookie-FrontEnd/node_modules/gulp-download is being purged from base /Users/winvaris/Desktop/Bookie/Bookie-FrontEnd
237 verbose gentlyRm don't care about contents; nuking /Users/winvaris/Desktop/Bookie/Bookie-FrontEnd/node_modules/gulp-download
238 silly vacuum-fs purging /Users/winvaris/Desktop/Bookie/Bookie-FrontEnd/node_modules/gulp-download
239 silly vacuum-fs removing /Users/winvaris/Desktop/Bookie/Bookie-FrontEnd/node_modules
240 silly vacuum-fs finished vacuuming up to /Users/winvaris/Desktop/Bookie/Bookie-FrontEnd
